<?xml version="1.0" encoding="UTF-8"?>
<!-- Generated by org.testng.reporters.JUnitXMLReporter -->
<testsuite ignored="12" hostname="ultralaptop" failures="1" tests="8" name="ChromeTest" time="12.856" errors="0" timestamp="05 Jul 2021 07:59:58 GMT">
  <testcase classname="com.org.tests.LinkClickTest" name="validateLinkClick" time="2.32">
    <failure type="java.lang.AssertionError" message="validateLinkClick : www.javatpoint.com | 520: Web server is returning an unknown error equals to Tutorials List - Javatpoint : Fail expected [false] but found [true]">
      <![CDATA[java.lang.AssertionError: validateLinkClick : www.javatpoint.com | 520: Web server is returning an unknown error equals to Tutorials List - Javatpoint : Fail expected [false] but found [true]
at com.org.tests.LinkClickTest.validateLinkClick(LinkClickTest.java:29)
... Removed 28 stack frames]]>
    </failure>
  </testcase> <!-- validateLinkClick -->
  <testcase classname="com.org.tests.TextBoxTest" name="validateTextBox" time="0.241"/>
  <testcase classname="com.org.tests.OptionsTest" name="validateRadioButton" time="0.279"/>
  <testcase classname="com.org.tests.AlertTest" name="validateDoubleClickAlert" time="0.231"/>
  <testcase classname="com.org.tests.OptionsTest" name="validateCheckBox" time="0.276"/>
  <testcase classname="com.org.tests.AlertTest" name="validateClickAlert" time="0.1"/>
  <testcase classname="com.org.tests.OptionsTest" name="validateDropDown" time="0.838"/>
  <testcase classname="com.org.tests.AlertTest" name="validateOptionAlert" time="0.15"/>
  <testcase classname="com.org.base.BaseTest" name="@BeforeTest openBrowser" time="0.0">
    <ignored/>
  </testcase> <!-- @BeforeTest openBrowser -->
  <testcase classname="com.org.base.BaseTest" name="@BeforeTest openBrowser" time="0.0">
    <ignored/>
  </testcase> <!-- @BeforeTest openBrowser -->
  <testcase classname="com.org.base.BaseTest" name="@BeforeTest openBrowser" time="0.0">
    <ignored/>
  </testcase> <!-- @BeforeTest openBrowser -->
  <testcase classname="com.org.base.BaseTest" name="@AfterTest closeBrowser" time="0.0">
    <ignored/>
  </testcase> <!-- @AfterTest closeBrowser -->
  <testcase classname="com.org.base.BaseTest" name="@AfterTest closeBrowser" time="0.0">
    <ignored/>
  </testcase> <!-- @AfterTest closeBrowser -->
  <testcase classname="com.org.base.BaseTest" name="@AfterTest closeBrowser" time="0.0">
    <ignored/>
  </testcase> <!-- @AfterTest closeBrowser -->
  <testcase classname="com.org.base.BaseTest" name="@BeforeSuite reportSetup" time="0.0">
    <ignored/>
  </testcase> <!-- @BeforeSuite reportSetup -->
  <testcase classname="com.org.base.BaseTest" name="@BeforeSuite reportSetup" time="0.0">
    <ignored/>
  </testcase> <!-- @BeforeSuite reportSetup -->
  <testcase classname="com.org.base.BaseTest" name="@BeforeSuite reportSetup" time="0.0">
    <ignored/>
  </testcase> <!-- @BeforeSuite reportSetup -->
  <testcase classname="com.org.base.BaseTest" name="@AfterSuite reportTearDown" time="0.0">
    <ignored/>
  </testcase> <!-- @AfterSuite reportTearDown -->
  <testcase classname="com.org.base.BaseTest" name="@AfterSuite reportTearDown" time="0.0">
    <ignored/>
  </testcase> <!-- @AfterSuite reportTearDown -->
  <testcase classname="com.org.base.BaseTest" name="@AfterSuite reportTearDown" time="0.0">
    <ignored/>
  </testcase> <!-- @AfterSuite reportTearDown -->
</testsuite> <!-- ChromeTest -->
