<?xml version="1.0" encoding="UTF-8"?>
<testng-results ignored="24" total="40" passed="15" failed="1" skipped="0">
  <reporter-output>
  </reporter-output>
  <suite started-at="2021-07-05T07:59:45Z" name="Suite" finished-at="2021-07-05T08:00:16Z" duration-ms="31070">
    <groups>
    </groups>
    <test started-at="2021-07-05T07:59:45Z" name="ChromeTest" finished-at="2021-07-05T07:59:58Z" duration-ms="12856">
      <class name="com.org.tests.OptionsTest">
        <test-method signature="validateRadioButton()[pri:0, instance:com.org.tests.OptionsTest@27d5a580]" started-at="2021-07-05T07:59:53Z" name="validateRadioButton" finished-at="2021-07-05T07:59:53Z" duration-ms="279" status="PASS">
          <reporter-output>
          </reporter-output>
        </test-method> <!-- validateRadioButton -->
        <test-method signature="validateCheckBox()[pri:1, instance:com.org.tests.OptionsTest@27d5a580]" started-at="2021-07-05T07:59:53Z" name="validateCheckBox" finished-at="2021-07-05T07:59:54Z" duration-ms="276" status="PASS">
          <reporter-output>
          </reporter-output>
        </test-method> <!-- validateCheckBox -->
        <test-method signature="validateDropDown()[pri:2, instance:com.org.tests.OptionsTest@27d5a580]" started-at="2021-07-05T07:59:54Z" name="validateDropDown" finished-at="2021-07-05T07:59:54Z" duration-ms="838" status="PASS">
          <reporter-output>
          </reporter-output>
        </test-method> <!-- validateDropDown -->
      </class> <!-- com.org.tests.OptionsTest -->
      <class name="com.org.tests.TextBoxTest">
        <test-method signature="validateTextBox()[pri:0, instance:com.org.tests.TextBoxTest@1a72a540]" started-at="2021-07-05T07:59:52Z" name="validateTextBox" finished-at="2021-07-05T07:59:53Z" duration-ms="241" status="PASS">
          <reporter-output>
          </reporter-output>
        </test-method> <!-- validateTextBox -->
      </class> <!-- com.org.tests.TextBoxTest -->
      <class name="com.org.tests.LinkClickTest">
        <test-method is-config="true" signature="openBrowser(java.lang.String)[pri:0, instance:com.org.tests.LinkClickTest@4e31276e]" started-at="2021-07-05T07:59:45Z" name="openBrowser" finished-at="2021-07-05T07:59:50Z" duration-ms="5461" status="PASS">
          <params>
            <param index="0">
              <value>
                <![CDATA[Chrome]]>
              </value>
            </param>
          </params>
          <reporter-output>
          </reporter-output>
        </test-method> <!-- openBrowser -->
        <test-method signature="validateLinkClick()[pri:0, instance:com.org.tests.LinkClickTest@4e31276e]" started-at="2021-07-05T07:59:50Z" name="validateLinkClick" finished-at="2021-07-05T07:59:52Z" duration-ms="2320" status="FAIL">
          <exception class="java.lang.AssertionError">
            <message>
              <![CDATA[validateLinkClick : www.javatpoint.com | 520: Web server is returning an unknown error equals to Tutorials List - Javatpoint : Fail expected [false] but found [true]]]>
            </message>
            <full-stacktrace>
              <![CDATA[java.lang.AssertionError: validateLinkClick : www.javatpoint.com | 520: Web server is returning an unknown error equals to Tutorials List - Javatpoint : Fail expected [false] but found [true]
at org.testng.Assert.fail(Assert.java:96)
at org.testng.Assert.failNotEquals(Assert.java:776)
at org.testng.Assert.assertFalse(Assert.java:65)
at com.org.tests.LinkClickTest.validateLinkClick(LinkClickTest.java:29)
at java.base/jdk.internal.reflect.NativeMethodAccessorImpl.invoke0(Native Method)
at java.base/jdk.internal.reflect.NativeMethodAccessorImpl.invoke(NativeMethodAccessorImpl.java:64)
at java.base/jdk.internal.reflect.DelegatingMethodAccessorImpl.invoke(DelegatingMethodAccessorImpl.java:43)
at java.base/java.lang.reflect.Method.invoke(Method.java:564)
at org.testng.internal.MethodInvocationHelper.invokeMethod(MethodInvocationHelper.java:124)
at org.testng.internal.Invoker.invokeMethod(Invoker.java:583)
at org.testng.internal.Invoker.invokeTestMethod(Invoker.java:719)
at org.testng.internal.Invoker.invokeTestMethods(Invoker.java:989)
at org.testng.internal.TestMethodWorker.invokeTestMethods(TestMethodWorker.java:125)
at org.testng.internal.TestMethodWorker.run(TestMethodWorker.java:109)
at org.testng.TestRunner.privateRun(TestRunner.java:648)
at org.testng.TestRunner.run(TestRunner.java:505)
at org.testng.SuiteRunner.runTest(SuiteRunner.java:455)
at org.testng.SuiteRunner.runSequentially(SuiteRunner.java:450)
at org.testng.SuiteRunner.privateRun(SuiteRunner.java:415)
at org.testng.SuiteRunner.run(SuiteRunner.java:364)
at org.testng.SuiteRunnerWorker.runSuite(SuiteRunnerWorker.java:52)
at org.testng.SuiteRunnerWorker.run(SuiteRunnerWorker.java:84)
at org.testng.TestNG.runSuitesSequentially(TestNG.java:1208)
at org.testng.TestNG.runSuitesLocally(TestNG.java:1137)
at org.testng.TestNG.runSuites(TestNG.java:1049)
at org.testng.TestNG.run(TestNG.java:1017)
at org.testng.remote.AbstractRemoteTestNG.run(AbstractRemoteTestNG.java:115)
at org.testng.remote.RemoteTestNG.initAndRun(RemoteTestNG.java:251)
at org.testng.remote.RemoteTestNG.main(RemoteTestNG.java:77)
]]>
            </full-stacktrace>
          </exception> <!-- java.lang.AssertionError -->
          <reporter-output>
          </reporter-output>
        </test-method> <!-- validateLinkClick -->
        <test-method is-config="true" signature="closeBrowser()[pri:0, instance:com.org.tests.LinkClickTest@4e31276e]" started-at="2021-07-05T07:59:55Z" name="closeBrowser" finished-at="2021-07-05T07:59:58Z" duration-ms="2911" status="PASS">
          <reporter-output>
          </reporter-output>
        </test-method> <!-- closeBrowser -->
      </class> <!-- com.org.tests.LinkClickTest -->
      <class name="com.org.tests.AlertTest">
        <test-method signature="validateDoubleClickAlert()[pri:0, instance:com.org.tests.AlertTest@198d6542]" started-at="2021-07-05T07:59:53Z" name="validateDoubleClickAlert" finished-at="2021-07-05T07:59:53Z" duration-ms="231" status="PASS">
          <reporter-output>
          </reporter-output>
        </test-method> <!-- validateDoubleClickAlert -->
        <test-method signature="validateClickAlert()[pri:1, instance:com.org.tests.AlertTest@198d6542]" started-at="2021-07-05T07:59:54Z" name="validateClickAlert" finished-at="2021-07-05T07:59:54Z" duration-ms="100" status="PASS">
          <reporter-output>
          </reporter-output>
        </test-method> <!-- validateClickAlert -->
        <test-method signature="validateOptionAlert()[pri:2, instance:com.org.tests.AlertTest@198d6542]" started-at="2021-07-05T07:59:54Z" name="validateOptionAlert" finished-at="2021-07-05T07:59:55Z" duration-ms="150" status="PASS">
          <reporter-output>
          </reporter-output>
        </test-method> <!-- validateOptionAlert -->
      </class> <!-- com.org.tests.AlertTest -->
    </test> <!-- ChromeTest -->
    <test started-at="2021-07-05T07:59:58Z" name="FireFoxTest" finished-at="2021-07-05T08:00:16Z" duration-ms="18149">
      <class name="com.org.tests.OptionsTest">
        <test-method signature="validateRadioButton()[pri:0, instance:com.org.tests.OptionsTest@18e36d14]" started-at="2021-07-05T08:00:09Z" name="validateRadioButton" finished-at="2021-07-05T08:00:10Z" duration-ms="513" status="PASS">
          <reporter-output>
          </reporter-output>
        </test-method> <!-- validateRadioButton -->
        <test-method signature="validateCheckBox()[pri:1, instance:com.org.tests.OptionsTest@18e36d14]" started-at="2021-07-05T08:00:10Z" name="validateCheckBox" finished-at="2021-07-05T08:00:11Z" duration-ms="486" status="PASS">
          <reporter-output>
          </reporter-output>
        </test-method> <!-- validateCheckBox -->
        <test-method signature="validateDropDown()[pri:2, instance:com.org.tests.OptionsTest@18e36d14]" started-at="2021-07-05T08:00:11Z" name="validateDropDown" finished-at="2021-07-05T08:00:12Z" duration-ms="1059" status="PASS">
          <reporter-output>
          </reporter-output>
        </test-method> <!-- validateDropDown -->
      </class> <!-- com.org.tests.OptionsTest -->
      <class name="com.org.tests.TextBoxTest">
        <test-method signature="validateTextBox()[pri:0, instance:com.org.tests.TextBoxTest@418c5a9c]" started-at="2021-07-05T08:00:09Z" name="validateTextBox" finished-at="2021-07-05T08:00:09Z" duration-ms="115" status="PASS">
          <reporter-output>
          </reporter-output>
        </test-method> <!-- validateTextBox -->
      </class> <!-- com.org.tests.TextBoxTest -->
      <class name="com.org.tests.LinkClickTest">
        <test-method is-config="true" signature="reportSetup()[pri:0, instance:com.org.tests.LinkClickTest@5a5338df]" started-at="2021-07-05T07:59:44Z" name="reportSetup" finished-at="2021-07-05T07:59:45Z" duration-ms="403" status="PASS">
          <reporter-output>
          </reporter-output>
        </test-method> <!-- reportSetup -->
        <test-method is-config="true" signature="openBrowser(java.lang.String)[pri:0, instance:com.org.tests.LinkClickTest@5a5338df]" started-at="2021-07-05T07:59:58Z" name="openBrowser" finished-at="2021-07-05T08:00:07Z" duration-ms="9529" status="PASS">
          <params>
            <param index="0">
              <value>
                <![CDATA[FireFox]]>
              </value>
            </param>
          </params>
          <reporter-output>
          </reporter-output>
        </test-method> <!-- openBrowser -->
        <test-method signature="validateLinkClick()[pri:0, instance:com.org.tests.LinkClickTest@5a5338df]" started-at="2021-07-05T08:00:07Z" name="validateLinkClick" finished-at="2021-07-05T08:00:09Z" duration-ms="2212" status="PASS">
          <reporter-output>
          </reporter-output>
        </test-method> <!-- validateLinkClick -->
        <test-method is-config="true" signature="closeBrowser()[pri:0, instance:com.org.tests.LinkClickTest@5a5338df]" started-at="2021-07-05T08:00:12Z" name="closeBrowser" finished-at="2021-07-05T08:00:16Z" duration-ms="3824" status="PASS">
          <reporter-output>
          </reporter-output>
        </test-method> <!-- closeBrowser -->
        <test-method is-config="true" signature="reportTearDown()[pri:0, instance:com.org.tests.LinkClickTest@5a5338df]" started-at="2021-07-05T08:00:16Z" name="reportTearDown" finished-at="2021-07-05T08:00:16Z" duration-ms="661" status="PASS">
          <reporter-output>
          </reporter-output>
        </test-method> <!-- reportTearDown -->
      </class> <!-- com.org.tests.LinkClickTest -->
      <class name="com.org.tests.AlertTest">
        <test-method signature="validateDoubleClickAlert()[pri:0, instance:com.org.tests.AlertTest@5082d622]" started-at="2021-07-05T08:00:10Z" name="validateDoubleClickAlert" finished-at="2021-07-05T08:00:10Z" duration-ms="198" status="PASS">
          <reporter-output>
          </reporter-output>
        </test-method> <!-- validateDoubleClickAlert -->
        <test-method signature="validateClickAlert()[pri:1, instance:com.org.tests.AlertTest@5082d622]" started-at="2021-07-05T08:00:11Z" name="validateClickAlert" finished-at="2021-07-05T08:00:11Z" duration-ms="95" status="PASS">
          <reporter-output>
          </reporter-output>
        </test-method> <!-- validateClickAlert -->
        <test-method signature="validateOptionAlert()[pri:2, instance:com.org.tests.AlertTest@5082d622]" started-at="2021-07-05T08:00:12Z" name="validateOptionAlert" finished-at="2021-07-05T08:00:12Z" duration-ms="105" status="PASS">
          <reporter-output>
          </reporter-output>
        </test-method> <!-- validateOptionAlert -->
      </class> <!-- com.org.tests.AlertTest -->
    </test> <!-- FireFoxTest -->
  </suite> <!-- Suite -->
</testng-results>
